- [x] sgx_attributes.h
- [x] sgx_capable.h
- [x] sgx_cpuid.h
- [x] sgx_dcap_ql_wrapper.h
- [x] sgx_dcap_quoteverify.h (some new token?)
- [x] sgx_dcap_tvl.h
- [x] sgx_defs.h
- [x] sgx_dh.h
- [x] sgx_ecp_types.h
- [x] sgx_edger8r.h
- [x] sgx_eid.h
- [x] sgx_enclave_common.h
- [x] sgx_error.h
- [x] sgx.h
- [x] sgx_intrin.h
- [x] sgx_key_exchange.h
- [x] sgx_key.h
- [x] sgx_lfence.h
- [x] sgx_pce.h
- [x] sgx_pcl_guid.h
- [x] sgx_ql_lib_common.h
- [x] sgx_ql_quote.h
- [x] sgx_quote_3.h
- [x] sgx_quote_4.h
- [x] sgx_quote.h
- [x] sgx_qve_header.h
- [x] sgx_report2.h
- [x] sgx_report.h
- [x] sgx_rsrv_mem_mngr.h
- [x] sgx_secure_align_api.h
- [x] sgx_secure_align.h
- [x] sgx_spinlock.h
- [x] sgx_tcrypto.h
- [x] sgx_thread.h
- [x] sgx_tkey_exchange.h
- [x] sgx_tprotected_fs.h
- [x] sgx_trts_aex.h
- [x] sgx_trts_exception.h
- [x] sgx_trts.h
- [x] sgx_tseal.h
- [x] sgx_ttls.h
- [x] sgx_uae_epid.h
- [x] sgx_uae_launch.h
- [x] sgx_uae_quote_ex.h
- [x] sgx_uae_service.h
- [x] sgx_ukey_exchange.h
- [x] sgx_urts.h
- [x] sgx_uswitchless.h
- [x] sgx_utils.h
- [x] sgx_utls.h
- [x] tlibc
